[debug] [2026-02-16T23:27:57.046Z] > command requires scopes: ["email","openid","https://www.googleapis.com/auth/cloudplatformprojects.readonly","https://www.googleapis.com/auth/firebase","https://www.googleapis.com/auth/cloud-platform"]
[debug] [2026-02-16T23:27:57.048Z] > authorizing via signed-in user (jedwards@che.school)
[debug] [2026-02-16T23:27:57.048Z] > command requires scopes: ["email","openid","https://www.googleapis.com/auth/cloudplatformprojects.readonly","https://www.googleapis.com/auth/firebase","https://www.googleapis.com/auth/cloud-platform"]
[debug] [2026-02-16T23:27:57.048Z] > authorizing via signed-in user (jedwards@che.school)
[debug] [2026-02-16T23:27:57.048Z] Checked if tokens are valid: true, expires at: 1771285795838
[debug] [2026-02-16T23:27:57.048Z] Checked if tokens are valid: true, expires at: 1771285795838
[debug] [2026-02-16T23:27:57.048Z] Checked if tokens are valid: true, expires at: 1771285795838
[debug] [2026-02-16T23:27:57.048Z] Checked if tokens are valid: true, expires at: 1771285795838
[debug] [2026-02-16T23:27:57.048Z] > command requires scopes: ["email","openid","https://www.googleapis.com/auth/cloudplatformprojects.readonly","https://www.googleapis.com/auth/firebase","https://www.googleapis.com/auth/cloud-platform"]
[debug] [2026-02-16T23:27:57.049Z] > authorizing via signed-in user (jedwards@che.school)
[debug] [2026-02-16T23:27:57.049Z] Checked if tokens are valid: true, expires at: 1771285795838
[debug] [2026-02-16T23:27:57.049Z] Checked if tokens are valid: true, expires at: 1771285795838
[debug] [2026-02-16T23:27:57.049Z] >>> [apiv2][query] GET https://cloudbilling.googleapis.com/v1/projects/che-kpi-analytics/billingInfo [none]
[debug] [2026-02-16T23:27:57.050Z] >>> [apiv2][query] GET https://cloudbilling.googleapis.com/v1/projects/che-kpi-analytics/billingInfo [none]
[debug] [2026-02-16T23:27:57.050Z] >>> [apiv2][query] GET https://cloudbilling.googleapis.com/v1/projects/che-kpi-analytics/billingInfo [none]
[debug] [2026-02-16T23:27:57.191Z] <<< [apiv2][status] GET https://cloudbilling.googleapis.com/v1/projects/che-kpi-analytics/billingInfo 200
[debug] [2026-02-16T23:27:57.192Z] <<< [apiv2][body] GET https://cloudbilling.googleapis.com/v1/projects/che-kpi-analytics/billingInfo {"name":"projects/che-kpi-analytics/billingInfo","projectId":"che-kpi-analytics","billingAccountName":"billingAccounts/01659B-B20ECB-1E0E8C","billingEnabled":true}
[debug] [2026-02-16T23:27:57.197Z] Checked if tokens are valid: true, expires at: 1771285795838
[debug] [2026-02-16T23:27:57.197Z] Checked if tokens are valid: true, expires at: 1771285795838
[debug] [2026-02-16T23:27:57.203Z] Checked if tokens are valid: true, expires at: 1771285795838
[debug] [2026-02-16T23:27:57.203Z] Checked if tokens are valid: true, expires at: 1771285795838
[debug] [2026-02-16T23:27:57.204Z] Checked if tokens are valid: true, expires at: 1771285795838
[debug] [2026-02-16T23:27:57.204Z] Checked if tokens are valid: true, expires at: 1771285795838
[debug] [2026-02-16T23:27:57.204Z] >>> [apiv2][query] GET https://serviceusage.googleapis.com/v1/projects/che-kpi-analytics/services/firebasedataconnect.googleapis.com [none]
[debug] [2026-02-16T23:27:57.204Z] >>> [apiv2][(partial)header] GET https://serviceusage.googleapis.com/v1/projects/che-kpi-analytics/services/firebasedataconnect.googleapis.com  x-goog-user-project=che-kpi-analytics
[debug] [2026-02-16T23:27:57.205Z] >>> [apiv2][query] GET https://serviceusage.googleapis.com/v1/projects/che-kpi-analytics/services/firebaseapphosting.googleapis.com [none]
[debug] [2026-02-16T23:27:57.205Z] >>> [apiv2][(partial)header] GET https://serviceusage.googleapis.com/v1/projects/che-kpi-analytics/services/firebaseapphosting.googleapis.com  x-goog-user-project=che-kpi-analytics
[debug] [2026-02-16T23:27:57.205Z] >>> [apiv2][query] GET https://serviceusage.googleapis.com/v1/projects/che-kpi-analytics/services/firebaseio.com [none]
[debug] [2026-02-16T23:27:57.205Z] >>> [apiv2][(partial)header] GET https://serviceusage.googleapis.com/v1/projects/che-kpi-analytics/services/firebaseio.com  x-goog-user-project=che-kpi-analytics
[debug] [2026-02-16T23:27:57.214Z] <<< [apiv2][status] GET https://cloudbilling.googleapis.com/v1/projects/che-kpi-analytics/billingInfo 200
[debug] [2026-02-16T23:27:57.215Z] <<< [apiv2][body] GET https://cloudbilling.googleapis.com/v1/projects/che-kpi-analytics/billingInfo {"name":"projects/che-kpi-analytics/billingInfo","projectId":"che-kpi-analytics","billingAccountName":"billingAccounts/01659B-B20ECB-1E0E8C","billingEnabled":true}
[debug] [2026-02-16T23:27:57.220Z] Checked if tokens are valid: true, expires at: 1771285795838
[debug] [2026-02-16T23:27:57.220Z] Checked if tokens are valid: true, expires at: 1771285795838
[debug] [2026-02-16T23:27:57.222Z] Checked if tokens are valid: true, expires at: 1771285795838
[debug] [2026-02-16T23:27:57.222Z] Checked if tokens are valid: true, expires at: 1771285795838
[debug] [2026-02-16T23:27:57.222Z] Checked if tokens are valid: true, expires at: 1771285795838
[debug] [2026-02-16T23:27:57.222Z] Checked if tokens are valid: true, expires at: 1771285795838
[debug] [2026-02-16T23:27:57.222Z] >>> [apiv2][query] GET https://serviceusage.googleapis.com/v1/projects/che-kpi-analytics/services/firebasedataconnect.googleapis.com [none]
[debug] [2026-02-16T23:27:57.222Z] >>> [apiv2][(partial)header] GET https://serviceusage.googleapis.com/v1/projects/che-kpi-analytics/services/firebasedataconnect.googleapis.com  x-goog-user-project=che-kpi-analytics
[debug] [2026-02-16T23:27:57.224Z] >>> [apiv2][query] GET https://serviceusage.googleapis.com/v1/projects/che-kpi-analytics/services/firebaseapphosting.googleapis.com [none]
[debug] [2026-02-16T23:27:57.224Z] >>> [apiv2][(partial)header] GET https://serviceusage.googleapis.com/v1/projects/che-kpi-analytics/services/firebaseapphosting.googleapis.com  x-goog-user-project=che-kpi-analytics
[debug] [2026-02-16T23:27:57.225Z] >>> [apiv2][query] GET https://serviceusage.googleapis.com/v1/projects/che-kpi-analytics/services/firebaseio.com [none]
[debug] [2026-02-16T23:27:57.225Z] >>> [apiv2][(partial)header] GET https://serviceusage.googleapis.com/v1/projects/che-kpi-analytics/services/firebaseio.com  x-goog-user-project=che-kpi-analytics
[debug] [2026-02-16T23:27:57.227Z] <<< [apiv2][status] GET https://cloudbilling.googleapis.com/v1/projects/che-kpi-analytics/billingInfo 200
[debug] [2026-02-16T23:27:57.228Z] <<< [apiv2][body] GET https://cloudbilling.googleapis.com/v1/projects/che-kpi-analytics/billingInfo {"name":"projects/che-kpi-analytics/billingInfo","projectId":"che-kpi-analytics","billingAccountName":"billingAccounts/01659B-B20ECB-1E0E8C","billingEnabled":true}
[debug] [2026-02-16T23:27:57.228Z] Checked if tokens are valid: true, expires at: 1771285795838
[debug] [2026-02-16T23:27:57.228Z] Checked if tokens are valid: true, expires at: 1771285795838
[debug] [2026-02-16T23:27:57.230Z] Checked if tokens are valid: true, expires at: 1771285795838
[debug] [2026-02-16T23:27:57.230Z] Checked if tokens are valid: true, expires at: 1771285795838
[debug] [2026-02-16T23:27:57.230Z] Checked if tokens are valid: true, expires at: 1771285795838
[debug] [2026-02-16T23:27:57.230Z] Checked if tokens are valid: true, expires at: 1771285795838
[debug] [2026-02-16T23:27:57.230Z] >>> [apiv2][query] GET https://serviceusage.googleapis.com/v1/projects/che-kpi-analytics/services/firebasedataconnect.googleapis.com [none]
[debug] [2026-02-16T23:27:57.230Z] >>> [apiv2][(partial)header] GET https://serviceusage.googleapis.com/v1/projects/che-kpi-analytics/services/firebasedataconnect.googleapis.com  x-goog-user-project=che-kpi-analytics
[debug] [2026-02-16T23:27:57.230Z] >>> [apiv2][query] GET https://serviceusage.googleapis.com/v1/projects/che-kpi-analytics/services/firebaseapphosting.googleapis.com [none]
[debug] [2026-02-16T23:27:57.230Z] >>> [apiv2][(partial)header] GET https://serviceusage.googleapis.com/v1/projects/che-kpi-analytics/services/firebaseapphosting.googleapis.com  x-goog-user-project=che-kpi-analytics
[debug] [2026-02-16T23:27:57.231Z] >>> [apiv2][query] GET https://serviceusage.googleapis.com/v1/projects/che-kpi-analytics/services/firebaseio.com [none]
[debug] [2026-02-16T23:27:57.231Z] >>> [apiv2][(partial)header] GET https://serviceusage.googleapis.com/v1/projects/che-kpi-analytics/services/firebaseio.com  x-goog-user-project=che-kpi-analytics
[debug] [2026-02-16T23:27:57.460Z] <<< [apiv2][status] GET https://serviceusage.googleapis.com/v1/projects/che-kpi-analytics/services/firebaseio.com 403
[debug] [2026-02-16T23:27:57.460Z] <<< [apiv2][body] GET https://serviceusage.googleapis.com/v1/projects/che-kpi-analytics/services/firebaseio.com [omitted]
[debug] [2026-02-16T23:27:57.463Z] <<< [apiv2][status] GET https://serviceusage.googleapis.com/v1/projects/che-kpi-analytics/services/firebaseio.com 403
[debug] [2026-02-16T23:27:57.464Z] <<< [apiv2][body] GET https://serviceusage.googleapis.com/v1/projects/che-kpi-analytics/services/firebaseio.com [omitted]
[debug] [2026-02-16T23:27:57.490Z] <<< [apiv2][status] GET https://serviceusage.googleapis.com/v1/projects/che-kpi-analytics/services/firebaseio.com 403
[debug] [2026-02-16T23:27:57.490Z] <<< [apiv2][body] GET https://serviceusage.googleapis.com/v1/projects/che-kpi-analytics/services/firebaseio.com [omitted]
[debug] [2026-02-16T23:27:57.517Z] <<< [apiv2][status] GET https://serviceusage.googleapis.com/v1/projects/che-kpi-analytics/services/firebaseapphosting.googleapis.com 200
[debug] [2026-02-16T23:27:57.517Z] <<< [apiv2][body] GET https://serviceusage.googleapis.com/v1/projects/che-kpi-analytics/services/firebaseapphosting.googleapis.com [omitted]
[debug] [2026-02-16T23:27:57.528Z] <<< [apiv2][status] GET https://serviceusage.googleapis.com/v1/projects/che-kpi-analytics/services/firebaseapphosting.googleapis.com 200
[debug] [2026-02-16T23:27:57.528Z] <<< [apiv2][body] GET https://serviceusage.googleapis.com/v1/projects/che-kpi-analytics/services/firebaseapphosting.googleapis.com [omitted]
[debug] [2026-02-16T23:27:57.528Z] <<< [apiv2][status] GET https://serviceusage.googleapis.com/v1/projects/che-kpi-analytics/services/firebasedataconnect.googleapis.com 200
[debug] [2026-02-16T23:27:57.528Z] <<< [apiv2][body] GET https://serviceusage.googleapis.com/v1/projects/che-kpi-analytics/services/firebasedataconnect.googleapis.com [omitted]
[debug] [2026-02-16T23:27:57.528Z] <<< [apiv2][status] GET https://serviceusage.googleapis.com/v1/projects/che-kpi-analytics/services/firebasedataconnect.googleapis.com 200
[debug] [2026-02-16T23:27:57.528Z] <<< [apiv2][body] GET https://serviceusage.googleapis.com/v1/projects/che-kpi-analytics/services/firebasedataconnect.googleapis.com [omitted]
[debug] [2026-02-16T23:27:57.530Z] <<< [apiv2][status] GET https://serviceusage.googleapis.com/v1/projects/che-kpi-analytics/services/firebasedataconnect.googleapis.com 200
[debug] [2026-02-16T23:27:57.530Z] <<< [apiv2][body] GET https://serviceusage.googleapis.com/v1/projects/che-kpi-analytics/services/firebasedataconnect.googleapis.com [omitted]
[debug] [2026-02-16T23:27:57.550Z] > command requires scopes: ["email","openid","https://www.googleapis.com/auth/cloudplatformprojects.readonly","https://www.googleapis.com/auth/firebase","https://www.googleapis.com/auth/cloud-platform"]
[debug] [2026-02-16T23:27:57.550Z] > authorizing via signed-in user (jedwards@che.school)
[debug] [2026-02-16T23:27:57.550Z] Checked if tokens are valid: true, expires at: 1771285795838
[debug] [2026-02-16T23:27:57.550Z] Checked if tokens are valid: true, expires at: 1771285795838
[debug] [2026-02-16T23:27:57.550Z] >>> [apiv2][query] GET https://cloudbilling.googleapis.com/v1/projects/che-kpi-analytics/billingInfo [none]
[debug] [2026-02-16T23:27:57.577Z] <<< [apiv2][status] GET https://serviceusage.googleapis.com/v1/projects/che-kpi-analytics/services/firebaseapphosting.googleapis.com 200
[debug] [2026-02-16T23:27:57.577Z] <<< [apiv2][body] GET https://serviceusage.googleapis.com/v1/projects/che-kpi-analytics/services/firebaseapphosting.googleapis.com [omitted]
[debug] [2026-02-16T23:27:57.598Z] > command requires scopes: ["email","openid","https://www.googleapis.com/auth/cloudplatformprojects.readonly","https://www.googleapis.com/auth/firebase","https://www.googleapis.com/auth/cloud-platform"]
[debug] [2026-02-16T23:27:57.598Z] > authorizing via signed-in user (jedwards@che.school)
[debug] [2026-02-16T23:27:57.598Z] Checked if tokens are valid: true, expires at: 1771285795838
[debug] [2026-02-16T23:27:57.598Z] Checked if tokens are valid: true, expires at: 1771285795838
[debug] [2026-02-16T23:27:57.599Z] >>> [apiv2][query] GET https://cloudbilling.googleapis.com/v1/projects/che-kpi-analytics/billingInfo [none]
[debug] [2026-02-16T23:27:57.650Z] <<< [apiv2][status] GET https://cloudbilling.googleapis.com/v1/projects/che-kpi-analytics/billingInfo 200
[debug] [2026-02-16T23:27:57.651Z] <<< [apiv2][body] GET https://cloudbilling.googleapis.com/v1/projects/che-kpi-analytics/billingInfo {"name":"projects/che-kpi-analytics/billingInfo","projectId":"che-kpi-analytics","billingAccountName":"billingAccounts/01659B-B20ECB-1E0E8C","billingEnabled":true}
[debug] [2026-02-16T23:27:57.652Z] > command requires scopes: ["email","openid","https://www.googleapis.com/auth/cloudplatformprojects.readonly","https://www.googleapis.com/auth/firebase","https://www.googleapis.com/auth/cloud-platform"]
[debug] [2026-02-16T23:27:57.652Z] > authorizing via signed-in user (jedwards@che.school)
[debug] [2026-02-16T23:27:57.668Z] <<< [apiv2][status] GET https://cloudbilling.googleapis.com/v1/projects/che-kpi-analytics/billingInfo 200
[debug] [2026-02-16T23:27:57.668Z] <<< [apiv2][body] GET https://cloudbilling.googleapis.com/v1/projects/che-kpi-analytics/billingInfo {"name":"projects/che-kpi-analytics/billingInfo","projectId":"che-kpi-analytics","billingAccountName":"billingAccounts/01659B-B20ECB-1E0E8C","billingEnabled":true}
[debug] [2026-02-16T23:27:57.670Z] > command requires scopes: ["email","openid","https://www.googleapis.com/auth/cloudplatformprojects.readonly","https://www.googleapis.com/auth/firebase","https://www.googleapis.com/auth/cloud-platform"]
[debug] [2026-02-16T23:27:57.670Z] > authorizing via signed-in user (jedwards@che.school)
[debug] [2026-02-16T23:46:02.502Z] > command requires scopes: ["email","openid","https://www.googleapis.com/auth/cloudplatformprojects.readonly","https://www.googleapis.com/auth/firebase","https://www.googleapis.com/auth/cloud-platform"]
[debug] [2026-02-16T23:46:02.504Z] > authorizing via signed-in user (jedwards@che.school)
[debug] [2026-02-16T23:46:02.504Z] > command requires scopes: ["email","openid","https://www.googleapis.com/auth/cloudplatformprojects.readonly","https://www.googleapis.com/auth/firebase","https://www.googleapis.com/auth/cloud-platform"]
[debug] [2026-02-16T23:46:02.504Z] > authorizing via signed-in user (jedwards@che.school)
[debug] [2026-02-16T23:46:02.504Z] Checked if tokens are valid: true, expires at: 1771288758765
[debug] [2026-02-16T23:46:02.504Z] Checked if tokens are valid: true, expires at: 1771288758765
[debug] [2026-02-16T23:46:02.505Z] Checked if tokens are valid: true, expires at: 1771288758765
[debug] [2026-02-16T23:46:02.505Z] Checked if tokens are valid: true, expires at: 1771288758765
[debug] [2026-02-16T23:46:02.505Z] > command requires scopes: ["email","openid","https://www.googleapis.com/auth/cloudplatformprojects.readonly","https://www.googleapis.com/auth/firebase","https://www.googleapis.com/auth/cloud-platform"]
[debug] [2026-02-16T23:46:02.505Z] > authorizing via signed-in user (jedwards@che.school)
[debug] [2026-02-16T23:46:02.505Z] Checked if tokens are valid: true, expires at: 1771288758765
[debug] [2026-02-16T23:46:02.505Z] Checked if tokens are valid: true, expires at: 1771288758765
[debug] [2026-02-16T23:46:02.505Z] >>> [apiv2][query] GET https://cloudbilling.googleapis.com/v1/projects/che-kpi-analytics/billingInfo [none]
[debug] [2026-02-16T23:46:02.506Z] >>> [apiv2][query] GET https://cloudbilling.googleapis.com/v1/projects/che-kpi-analytics/billingInfo [none]
[debug] [2026-02-16T23:46:02.506Z] >>> [apiv2][query] GET https://cloudbilling.googleapis.com/v1/projects/che-kpi-analytics/billingInfo [none]
[debug] [2026-02-16T23:46:02.727Z] <<< [apiv2][status] GET https://cloudbilling.googleapis.com/v1/projects/che-kpi-analytics/billingInfo 200
[debug] [2026-02-16T23:46:02.728Z] <<< [apiv2][body] GET https://cloudbilling.googleapis.com/v1/projects/che-kpi-analytics/billingInfo {"name":"projects/che-kpi-analytics/billingInfo","projectId":"che-kpi-analytics","billingAccountName":"billingAccounts/01659B-B20ECB-1E0E8C","billingEnabled":true}
[debug] [2026-02-16T23:46:02.734Z] Checked if tokens are valid: true, expires at: 1771288758765
[debug] [2026-02-16T23:46:02.734Z] Checked if tokens are valid: true, expires at: 1771288758765
[debug] [2026-02-16T23:46:02.741Z] Checked if tokens are valid: true, expires at: 1771288758765
[debug] [2026-02-16T23:46:02.742Z] Checked if tokens are valid: true, expires at: 1771288758765
[debug] [2026-02-16T23:46:02.742Z] Checked if tokens are valid: true, expires at: 1771288758765
[debug] [2026-02-16T23:46:02.742Z] Checked if tokens are valid: true, expires at: 1771288758765
[debug] [2026-02-16T23:46:02.742Z] >>> [apiv2][query] GET https://serviceusage.googleapis.com/v1/projects/che-kpi-analytics/services/firebasedataconnect.googleapis.com [none]
[debug] [2026-02-16T23:46:02.742Z] >>> [apiv2][(partial)header] GET https://serviceusage.googleapis.com/v1/projects/che-kpi-analytics/services/firebasedataconnect.googleapis.com  x-goog-user-project=che-kpi-analytics
[debug] [2026-02-16T23:46:02.743Z] >>> [apiv2][query] GET https://serviceusage.googleapis.com/v1/projects/che-kpi-analytics/services/firebaseapphosting.googleapis.com [none]
[debug] [2026-02-16T23:46:02.743Z] >>> [apiv2][(partial)header] GET https://serviceusage.googleapis.com/v1/projects/che-kpi-analytics/services/firebaseapphosting.googleapis.com  x-goog-user-project=che-kpi-analytics
[debug] [2026-02-16T23:46:02.744Z] >>> [apiv2][query] GET https://serviceusage.googleapis.com/v1/projects/che-kpi-analytics/services/firebaseio.com [none]
[debug] [2026-02-16T23:46:02.744Z] >>> [apiv2][(partial)header] GET https://serviceusage.googleapis.com/v1/projects/che-kpi-analytics/services/firebaseio.com  x-goog-user-project=che-kpi-analytics
[debug] [2026-02-16T23:46:02.755Z] <<< [apiv2][status] GET https://cloudbilling.googleapis.com/v1/projects/che-kpi-analytics/billingInfo 200
[debug] [2026-02-16T23:46:02.755Z] <<< [apiv2][body] GET https://cloudbilling.googleapis.com/v1/projects/che-kpi-analytics/billingInfo {"name":"projects/che-kpi-analytics/billingInfo","projectId":"che-kpi-analytics","billingAccountName":"billingAccounts/01659B-B20ECB-1E0E8C","billingEnabled":true}
[debug] [2026-02-16T23:46:02.761Z] Checked if tokens are valid: true, expires at: 1771288758765
[debug] [2026-02-16T23:46:02.761Z] Checked if tokens are valid: true, expires at: 1771288758765
[debug] [2026-02-16T23:46:02.763Z] Checked if tokens are valid: true, expires at: 1771288758765
[debug] [2026-02-16T23:46:02.763Z] Checked if tokens are valid: true, expires at: 1771288758765
[debug] [2026-02-16T23:46:02.763Z] Checked if tokens are valid: true, expires at: 1771288758765
[debug] [2026-02-16T23:46:02.763Z] Checked if tokens are valid: true, expires at: 1771288758765
[debug] [2026-02-16T23:46:02.763Z] >>> [apiv2][query] GET https://serviceusage.googleapis.com/v1/projects/che-kpi-analytics/services/firebasedataconnect.googleapis.com [none]
[debug] [2026-02-16T23:46:02.763Z] >>> [apiv2][(partial)header] GET https://serviceusage.googleapis.com/v1/projects/che-kpi-analytics/services/firebasedataconnect.googleapis.com  x-goog-user-project=che-kpi-analytics
[debug] [2026-02-16T23:46:02.764Z] >>> [apiv2][query] GET https://serviceusage.googleapis.com/v1/projects/che-kpi-analytics/services/firebaseapphosting.googleapis.com [none]
[debug] [2026-02-16T23:46:02.765Z] >>> [apiv2][(partial)header] GET https://serviceusage.googleapis.com/v1/projects/che-kpi-analytics/services/firebaseapphosting.googleapis.com  x-goog-user-project=che-kpi-analytics
[debug] [2026-02-16T23:46:02.765Z] >>> [apiv2][query] GET https://serviceusage.googleapis.com/v1/projects/che-kpi-analytics/services/firebaseio.com [none]
[debug] [2026-02-16T23:46:02.765Z] >>> [apiv2][(partial)header] GET https://serviceusage.googleapis.com/v1/projects/che-kpi-analytics/services/firebaseio.com  x-goog-user-project=che-kpi-analytics
[debug] [2026-02-16T23:46:02.768Z] <<< [apiv2][status] GET https://cloudbilling.googleapis.com/v1/projects/che-kpi-analytics/billingInfo 200
[debug] [2026-02-16T23:46:02.768Z] <<< [apiv2][body] GET https://cloudbilling.googleapis.com/v1/projects/che-kpi-analytics/billingInfo {"name":"projects/che-kpi-analytics/billingInfo","projectId":"che-kpi-analytics","billingAccountName":"billingAccounts/01659B-B20ECB-1E0E8C","billingEnabled":true}
[debug] [2026-02-16T23:46:02.769Z] Checked if tokens are valid: true, expires at: 1771288758765
[debug] [2026-02-16T23:46:02.769Z] Checked if tokens are valid: true, expires at: 1771288758765
[debug] [2026-02-16T23:46:02.770Z] Checked if tokens are valid: true, expires at: 1771288758765
[debug] [2026-02-16T23:46:02.770Z] Checked if tokens are valid: true, expires at: 1771288758765
[debug] [2026-02-16T23:46:02.770Z] Checked if tokens are valid: true, expires at: 1771288758765
[debug] [2026-02-16T23:46:02.770Z] Checked if tokens are valid: true, expires at: 1771288758765
[debug] [2026-02-16T23:46:02.770Z] >>> [apiv2][query] GET https://serviceusage.googleapis.com/v1/projects/che-kpi-analytics/services/firebasedataconnect.googleapis.com [none]
[debug] [2026-02-16T23:46:02.770Z] >>> [apiv2][(partial)header] GET https://serviceusage.googleapis.com/v1/projects/che-kpi-analytics/services/firebasedataconnect.googleapis.com  x-goog-user-project=che-kpi-analytics
[debug] [2026-02-16T23:46:02.771Z] >>> [apiv2][query] GET https://serviceusage.googleapis.com/v1/projects/che-kpi-analytics/services/firebaseapphosting.googleapis.com [none]
[debug] [2026-02-16T23:46:02.771Z] >>> [apiv2][(partial)header] GET https://serviceusage.googleapis.com/v1/projects/che-kpi-analytics/services/firebaseapphosting.googleapis.com  x-goog-user-project=che-kpi-analytics
[debug] [2026-02-16T23:46:02.771Z] >>> [apiv2][query] GET https://serviceusage.googleapis.com/v1/projects/che-kpi-analytics/services/firebaseio.com [none]
[debug] [2026-02-16T23:46:02.771Z] >>> [apiv2][(partial)header] GET https://serviceusage.googleapis.com/v1/projects/che-kpi-analytics/services/firebaseio.com  x-goog-user-project=che-kpi-analytics
[debug] [2026-02-16T23:46:02.993Z] <<< [apiv2][status] GET https://serviceusage.googleapis.com/v1/projects/che-kpi-analytics/services/firebaseio.com 403
[debug] [2026-02-16T23:46:02.993Z] <<< [apiv2][body] GET https://serviceusage.googleapis.com/v1/projects/che-kpi-analytics/services/firebaseio.com [omitted]
[debug] [2026-02-16T23:46:03.020Z] <<< [apiv2][status] GET https://serviceusage.googleapis.com/v1/projects/che-kpi-analytics/services/firebaseio.com 403
[debug] [2026-02-16T23:46:03.020Z] <<< [apiv2][body] GET https://serviceusage.googleapis.com/v1/projects/che-kpi-analytics/services/firebaseio.com [omitted]
[debug] [2026-02-16T23:46:03.026Z] <<< [apiv2][status] GET https://serviceusage.googleapis.com/v1/projects/che-kpi-analytics/services/firebaseio.com 403
[debug] [2026-02-16T23:46:03.026Z] <<< [apiv2][body] GET https://serviceusage.googleapis.com/v1/projects/che-kpi-analytics/services/firebaseio.com [omitted]
[debug] [2026-02-16T23:46:03.033Z] <<< [apiv2][status] GET https://serviceusage.googleapis.com/v1/projects/che-kpi-analytics/services/firebasedataconnect.googleapis.com 200
[debug] [2026-02-16T23:46:03.033Z] <<< [apiv2][body] GET https://serviceusage.googleapis.com/v1/projects/che-kpi-analytics/services/firebasedataconnect.googleapis.com [omitted]
[debug] [2026-02-16T23:46:03.034Z] <<< [apiv2][status] GET https://serviceusage.googleapis.com/v1/projects/che-kpi-analytics/services/firebaseapphosting.googleapis.com 200
[debug] [2026-02-16T23:46:03.034Z] <<< [apiv2][body] GET https://serviceusage.googleapis.com/v1/projects/che-kpi-analytics/services/firebaseapphosting.googleapis.com [omitted]
[debug] [2026-02-16T23:46:03.038Z] <<< [apiv2][status] GET https://serviceusage.googleapis.com/v1/projects/che-kpi-analytics/services/firebasedataconnect.googleapis.com 200
[debug] [2026-02-16T23:46:03.038Z] <<< [apiv2][body] GET https://serviceusage.googleapis.com/v1/projects/che-kpi-analytics/services/firebasedataconnect.googleapis.com [omitted]
[debug] [2026-02-16T23:46:03.062Z] <<< [apiv2][status] GET https://serviceusage.googleapis.com/v1/projects/che-kpi-analytics/services/firebasedataconnect.googleapis.com 200
[debug] [2026-02-16T23:46:03.062Z] <<< [apiv2][body] GET https://serviceusage.googleapis.com/v1/projects/che-kpi-analytics/services/firebasedataconnect.googleapis.com [omitted]
[debug] [2026-02-16T23:46:03.068Z] <<< [apiv2][status] GET https://serviceusage.googleapis.com/v1/projects/che-kpi-analytics/services/firebaseapphosting.googleapis.com 200
[debug] [2026-02-16T23:46:03.068Z] <<< [apiv2][body] GET https://serviceusage.googleapis.com/v1/projects/che-kpi-analytics/services/firebaseapphosting.googleapis.com [omitted]
[debug] [2026-02-16T23:46:03.070Z] <<< [apiv2][status] GET https://serviceusage.googleapis.com/v1/projects/che-kpi-analytics/services/firebaseapphosting.googleapis.com 200
[debug] [2026-02-16T23:46:03.070Z] <<< [apiv2][body] GET https://serviceusage.googleapis.com/v1/projects/che-kpi-analytics/services/firebaseapphosting.googleapis.com [omitted]
[debug] [2026-02-16T23:46:03.090Z] > command requires scopes: ["email","openid","https://www.googleapis.com/auth/cloudplatformprojects.readonly","https://www.googleapis.com/auth/firebase","https://www.googleapis.com/auth/cloud-platform"]
[debug] [2026-02-16T23:46:03.090Z] > authorizing via signed-in user (jedwards@che.school)
[debug] [2026-02-16T23:46:03.090Z] Checked if tokens are valid: true, expires at: 1771288758765
[debug] [2026-02-16T23:46:03.090Z] Checked if tokens are valid: true, expires at: 1771288758765
[debug] [2026-02-16T23:46:03.090Z] >>> [apiv2][query] GET https://cloudbilling.googleapis.com/v1/projects/che-kpi-analytics/billingInfo [none]
[debug] [2026-02-16T23:46:03.091Z] > command requires scopes: ["email","openid","https://www.googleapis.com/auth/cloudplatformprojects.readonly","https://www.googleapis.com/auth/firebase","https://www.googleapis.com/auth/cloud-platform"]
[debug] [2026-02-16T23:46:03.091Z] > authorizing via signed-in user (jedwards@che.school)
[debug] [2026-02-16T23:46:03.091Z] Checked if tokens are valid: true, expires at: 1771288758765
[debug] [2026-02-16T23:46:03.091Z] Checked if tokens are valid: true, expires at: 1771288758765
[debug] [2026-02-16T23:46:03.091Z] >>> [apiv2][query] GET https://cloudbilling.googleapis.com/v1/projects/che-kpi-analytics/billingInfo [none]
[debug] [2026-02-16T23:46:03.196Z] <<< [apiv2][status] GET https://cloudbilling.googleapis.com/v1/projects/che-kpi-analytics/billingInfo 200
[debug] [2026-02-16T23:46:03.196Z] <<< [apiv2][body] GET https://cloudbilling.googleapis.com/v1/projects/che-kpi-analytics/billingInfo {"name":"projects/che-kpi-analytics/billingInfo","projectId":"che-kpi-analytics","billingAccountName":"billingAccounts/01659B-B20ECB-1E0E8C","billingEnabled":true}
[debug] [2026-02-16T23:46:03.198Z] > command requires scopes: ["email","openid","https://www.googleapis.com/auth/cloudplatformprojects.readonly","https://www.googleapis.com/auth/firebase","https://www.googleapis.com/auth/cloud-platform"]
[debug] [2026-02-16T23:46:03.198Z] > authorizing via signed-in user (jedwards@che.school)
[debug] [2026-02-16T23:46:03.199Z] <<< [apiv2][status] GET https://cloudbilling.googleapis.com/v1/projects/che-kpi-analytics/billingInfo 200
[debug] [2026-02-16T23:46:03.199Z] <<< [apiv2][body] GET https://cloudbilling.googleapis.com/v1/projects/che-kpi-analytics/billingInfo {"name":"projects/che-kpi-analytics/billingInfo","projectId":"che-kpi-analytics","billingAccountName":"billingAccounts/01659B-B20ECB-1E0E8C","billingEnabled":true}
[debug] [2026-02-16T23:46:03.200Z] > command requires scopes: ["email","openid","https://www.googleapis.com/auth/cloudplatformprojects.readonly","https://www.googleapis.com/auth/firebase","https://www.googleapis.com/auth/cloud-platform"]
[debug] [2026-02-16T23:46:03.200Z] > authorizing via signed-in user (jedwards@che.school)
